Step: step-credential-initializer-v892l:

{"level":"warn","ts":1565805524.725846,"logger":"fallback-logger","caller":"logging/config.go:69","msg":"Fetch GitHub commit ID from kodata failed: \"ref: refs/heads/master\" is not a valid GitHub commit ID"}
{"level":"info","ts":1565805524.7270672,"logger":"fallback-logger","caller":"creds-init/main.go:40","msg":"Credentials initialized."}
Step: step-working-dir-initializer-q4k**:

{"level":"warn","ts":1565805525.116939,"logger":"fallback-logger","caller":"logging/config.go:69","msg":"Fetch GitHub commit ID from kodata failed: open /var/run/ko/HEAD: no such file or directory"}
{"level":"info","ts":1565805525.1214392,"logger":"fallback-logger","caller":"bash/main.go:65","msg":"Successfully executed command \"mkdir -p /workspace/source\""}
Step: step-place-tools:

Step: step-git-source-meta-cb-kubecd-nodey202-master-p67ft:

{"level":"warn","ts":1565805529.1666296,"logger":"fallback-logger","caller":"logging/config.go:69","msg":"Fetch GitHub commit ID from kodata failed: \"ref: refs/heads/master\" is not a valid GitHub commit ID"}
{"level":"info","ts":1565805529.854957,"logger":"fallback-logger","caller":"git/git.go:102","msg":"Successfully cloned https://github.com/cb-kubecd/nodey202.git @ master in path /workspace/source"}
Step: step-git-merge:

{"level":"info","msg":"Using SHAs from PULL_REFS=master:","time":"2019-08-14T17:58:50Z"}
{"level":"warning","msg":"no SHAs to merge, falling back to initial cloned commit","time":"2019-08-14T17:58:50Z"}
Step: step-merge-pull-refs:

SKIP merge-pull-refs: Nothing to merge
Step: step-create-effective-pipeline:

{"level":"info","msg":"Deleting and cloning the Jenkins X versions repo","time":"2019-08-14T17:58:50Z"}
{"level":"info","msg":"Cloning the Jenkins X versions repo https://github.com/jenkins-x/jenkins-x-versions.git with revision v1.0.19 to /builder/home/.**/jenkins-x-versions","time":"2019-08-14T17:58:50Z"}
From https://github.com/jenkins-x/jenkins-x-versions
 * tag               v1.0.19    -> FETCH_HEAD
{"level":"info","msg":"Effective pipeline written to jenkins-x-effective.yml","time":"2019-08-14T17:58:54Z"}
Step: step-create-tekton-crds:

{"level":"info","msg":"Deleting and cloning the Jenkins X versions repo","time":"2019-08-14T17:58:55Z"}
{"level":"info","msg":"Cloning the Jenkins X versions repo https://github.com/jenkins-x/jenkins-x-versions.git with revision v1.0.19 to /builder/home/.**/jenkins-x-versions","time":"2019-08-14T17:58:55Z"}
From https://github.com/jenkins-x/jenkins-x-versions
 * tag               v1.0.19    -> FETCH_HEAD
{"level":"info","msg":"running command: echo \\$(**-release-version) \u003e VERSION","time":"2019-08-14T17:58:57Z"}
{"level":"info","msg":"","time":"2019-08-14T17:58:58Z"}
{"level":"info","msg":"running command: ** step tag --version \\$(cat VERSION)","time":"2019-08-14T17:58:58Z"}
{"level":"info","msg":"Updating chart version in charts/nodey202/Chart.yaml to 0.0.2","time":"2019-08-14T17:58:58Z"}
{"level":"info","msg":"Updating repository in charts/nodey202/values.yaml to gcr.io/apps-dev-229310/nodey202","time":"2019-08-14T17:58:58Z"}
{"level":"info","msg":"Updating tag in charts/nodey202/values.yaml to 0.0.2","time":"2019-08-14T17:58:58Z"}
{"level":"info","msg":"Tag v0.0.2 created and pushed to remote origin","time":"2019-08-14T17:59:01Z"}
{"level":"info","msg":"","time":"2019-08-14T17:59:01Z"}
{"level":"info","msg":"PipelineActivity for cb-kubecd-nodey202-master-2","time":"2019-08-14T17:59:01Z"}
{"level":"info","msg":"Applying changes ","time":"2019-08-14T17:59:01Z"}
{"level":"info","msg":"upserted PipelineResource cb-kubecd-nodey202-master for the git repository https://github.com/cb-kubecd/nodey202.git and branch master","time":"2019-08-14T17:59:01Z"}
{"level":"info","msg":"upserted Task cb-kubecd-nodey202-master-bmgkc-from-build-pack-2","time":"2019-08-14T17:59:01Z"}
{"level":"info","msg":"upserted Pipeline cb-kubecd-nodey202-master-bmgkc-2","time":"2019-08-14T17:59:01Z"}
{"level":"info","msg":"created PipelineRun cb-kubecd-nodey202-master-bmgkc-2","time":"2019-08-14T17:59:01Z"}
{"level":"info","msg":"created PipelineStructure cb-kubecd-nodey202-master-bmgkc-2","time":"2019-08-14T17:59:01Z"}
